<?xml version="1.0" encoding="UTF-8"?>
<testsuite xmlns:xsi="http://www.w3.org/2001/XMLSchema-instance" xsi:noNamespaceSchemaLocation="https://maven.apache.org/surefire/maven-surefire-plugin/xsd/surefire-test-report.xsd" version="3.0.2" name="com.example.currencyconverter.service.CurrencyServiceTest" time="2.835" tests="3" errors="0" skipped="0" failures="3">
  <properties>
[...]
</properties>
  <testcase name="testGetConversionRate_InvalidTargetCurrency" classname="com.example.currencyconverter.service.CurrencyServiceTest" time="2.189">
    <failure message="Expected java.lang.IllegalArgumentException to be thrown, but nothing was thrown." type="org.opentest4j.AssertionFailedError"><![CDATA[org.opentest4j.AssertionFailedError: Expected java.lang.IllegalArgumentException to be thrown, but nothing was thrown.
	at org.junit.jupiter.api.AssertionFailureBuilder.build(AssertionFailureBuilder.java:152)
	at org.junit.jupiter.api.AssertThrows.assertThrows(AssertThrows.java:73)
	at org.junit.jupiter.api.AssertThrows.assertThrows(AssertThrows.java:35)
	at org.junit.jupiter.api.Assertions.assertThrows(Assertions.java:3128)
	at com.example.currencyconverter.service.CurrencyServiceTest.testGetConversionRate_InvalidTargetCurrency(CurrencyServiceTest.java:71)
	at java.base/java.lang.reflect.Method.invoke(Method.java:580)
	at java.base/java.util.ArrayList.forEach(ArrayList.java:1597)
	at java.base/java.util.ArrayList.forEach(ArrayList.java:1597)
]]></failure>
    <system-out><![CDATA[Executing testGetConversionRate_InvalidTargetCurrency...
2025-02-08T19:18:11.749+05:30 DEBUG 10332 --- [currencyconverter] [           main] o.s.web.client.RestTemplate              : HTTP GET https://v6.exchangerate-api.com/v6/c6fa4e2576417c21b5a99c70/latest/USD
2025-02-08T19:18:11.790+05:30 DEBUG 10332 --- [currencyconverter] [           main] o.s.web.client.RestTemplate              : Accept=[application/json, application/*+json]
2025-02-08T19:18:12.942+05:30 DEBUG 10332 --- [currencyconverter] [           main] o.s.web.client.RestTemplate              : Response 200 OK
2025-02-08T19:18:12.951+05:30 DEBUG 10332 --- [currencyconverter] [           main] o.s.web.client.RestTemplate              : Reading to [java.util.Map<?, ?>]
]]></system-out>
  </testcase>
  <testcase name="testGetConversionRate_ApiUnavailable" classname="com.example.currencyconverter.service.CurrencyServiceTest" time="0.3">
    <failure message="Expected java.lang.RuntimeException to be thrown, but nothing was thrown." type="org.opentest4j.AssertionFailedError"><![CDATA[org.opentest4j.AssertionFailedError: Expected java.lang.RuntimeException to be thrown, but nothing was thrown.
	at org.junit.jupiter.api.AssertionFailureBuilder.build(AssertionFailureBuilder.java:152)
	at org.junit.jupiter.api.AssertThrows.assertThrows(AssertThrows.java:73)
	at org.junit.jupiter.api.AssertThrows.assertThrows(AssertThrows.java:35)
	at org.junit.jupiter.api.Assertions.assertThrows(Assertions.java:3128)
	at com.example.currencyconverter.service.CurrencyServiceTest.testGetConversionRate_ApiUnavailable(CurrencyServiceTest.java:91)
	at java.base/java.lang.reflect.Method.invoke(Method.java:580)
	at java.base/java.util.ArrayList.forEach(ArrayList.java:1597)
	at java.base/java.util.ArrayList.forEach(ArrayList.java:1597)
]]></failure>
    <system-out><![CDATA[Executing testGetConversionRate_ApiUnavailable...
2025-02-08T19:18:13.064+05:30 DEBUG 10332 --- [currencyconverter] [           main] o.s.web.client.RestTemplate              : HTTP GET https://v6.exchangerate-api.com/v6/c6fa4e2576417c21b5a99c70/latest/USD
2025-02-08T19:18:13.066+05:30 DEBUG 10332 --- [currencyconverter] [           main] o.s.web.client.RestTemplate              : Accept=[application/json, application/*+json]
2025-02-08T19:18:13.341+05:30 DEBUG 10332 --- [currencyconverter] [           main] o.s.web.client.RestTemplate              : Response 200 OK
2025-02-08T19:18:13.342+05:30 DEBUG 10332 --- [currencyconverter] [           main] o.s.web.client.RestTemplate              : Reading to [java.util.Map<?, ?>]
]]></system-out>
  </testcase>
  <testcase name="testGetConversionRate_ValidCurrencies" classname="com.example.currencyconverter.service.CurrencyServiceTest" time="0.306">
    <failure message="Expected rate doesn&apos;t match the mocked response ==&gt; expected: &lt;0.85&gt; but was: &lt;0.9667&gt;" type="org.opentest4j.AssertionFailedError"><![CDATA[org.opentest4j.AssertionFailedError: Expected rate doesn't match the mocked response ==> expected: <0.85> but was: <0.9667>
	at org.junit.jupiter.api.AssertionFailureBuilder.build(AssertionFailureBuilder.java:151)
	at org.junit.jupiter.api.AssertionFailureBuilder.buildAndThrow(AssertionFailureBuilder.java:132)
	at org.junit.jupiter.api.AssertEquals.failNotEqual(AssertEquals.java:197)
	at org.junit.jupiter.api.AssertEquals.assertEquals(AssertEquals.java:86)
	at org.junit.jupiter.api.Assertions.assertEquals(Assertions.java:1024)
	at com.example.currencyconverter.service.CurrencyServiceTest.testGetConversionRate_ValidCurrencies(CurrencyServiceTest.java:50)
	at java.base/java.lang.reflect.Method.invoke(Method.java:580)
	at java.base/java.util.ArrayList.forEach(ArrayList.java:1597)
	at java.base/java.util.ArrayList.forEach(ArrayList.java:1597)
]]></failure>
    <system-out><![CDATA[Executing testGetConversionRate_ValidCurrencies...
2025-02-08T19:18:13.358+05:30 DEBUG 10332 --- [currencyconverter] [           main] o.s.web.client.RestTemplate              : HTTP GET https://v6.exchangerate-api.com/v6/c6fa4e2576417c21b5a99c70/latest/USD
2025-02-08T19:18:13.360+05:30 DEBUG 10332 --- [currencyconverter] [           main] o.s.web.client.RestTemplate              : Accept=[application/json, application/*+json]
2025-02-08T19:18:13.632+05:30 DEBUG 10332 --- [currencyconverter] [           main] o.s.web.client.RestTemplate              : Response 200 OK
2025-02-08T19:18:13.633+05:30 DEBUG 10332 --- [currencyconverter] [           main] o.s.web.client.RestTemplate              : Reading to [java.util.Map<?, ?>]
]]></system-out>
  </testcase>
</testsuite>